<?xml version="1.0" encoding="UTF-8"?>
<!-- Generated by org.testng.reporters.JUnitReportReporter -->
<testsuite hostname="THREE" name="com.ranosys.aapkiapp.AapKiAppCreateEducationalApp" tests="1" failures="0" timestamp="20 Sep 2016 11:37:11 GMT" time="781.524" errors="0">
  <testcase name="executeAapKiAppCreateApp" time="781.524" classname="com.ranosys.aapkiapp.AapKiAppCreateEducationalApp"/>
</testsuite> <!-- com.ranosys.aapkiapp.AapKiAppCreateEducationalApp -->
