<?xml version="1.0" encoding="UTF-8"?>
<!-- Generated by org.testng.reporters.JUnitReportReporter -->
<testsuite hostname="THREE" name="com.ranosys.aapkiapp.ActivateAapKiApp" tests="1" failures="0" timestamp="28 Sep 2016 09:32:10 GMT" time="132.687" errors="0">
  <testcase name="executeActivateAapKiApp" time="132.687" classname="com.ranosys.aapkiapp.ActivateAapKiApp"/>
</testsuite> <!-- com.ranosys.aapkiapp.ActivateAapKiApp -->
