<?xml version="1.0" encoding="UTF-8"?>
<!-- Generated by org.testng.reporters.JUnitReportReporter -->
<testsuite hostname="THREE" name="com.ranosys.aapkiapp.AapKiAppModules" tests="1" failures="0" timestamp="27 Sep 2016 09:46:30 GMT" time="551.649" errors="0">
  <testcase name="executeAapKiAppCreateApp" time="551.649" classname="com.ranosys.aapkiapp.AapKiAppModules"/>
</testsuite> <!-- com.ranosys.aapkiapp.AapKiAppModules -->
