<?xml version="1.0" encoding="UTF-8"?>
<!-- Generated by org.testng.reporters.JUnitReportReporter -->
<testsuite hostname="THREE" name="com.ranosys.aapkiapp.AapKiAppCreateApp" tests="1" failures="0" timestamp="22 Sep 2016 04:56:50 GMT" time="582.647" errors="0">
  <testcase name="executeAapKiAppCreateApp" time="582.647" classname="com.ranosys.aapkiapp.AapKiAppCreateApp"/>
</testsuite> <!-- com.ranosys.aapkiapp.AapKiAppCreateApp -->
