<?xml version="1.0" encoding="UTF-8"?>
<!-- Generated by org.testng.reporters.JUnitReportReporter -->
<testsuite hostname="THREE" name="com.ranosys.aapkiapp.AapKiAppRegistration" tests="1" failures="0" timestamp="28 Sep 2016 09:27:28 GMT" time="43.205" errors="0">
  <testcase name="executeAapKiAppRegistration" time="43.205" classname="com.ranosys.aapkiapp.AapKiAppRegistration"/>
</testsuite> <!-- com.ranosys.aapkiapp.AapKiAppRegistration -->
