<?xml version="1.0" encoding="UTF-8"?>
<!-- Generated by org.testng.reporters.JUnitReportReporter -->
<testsuite hostname="THREE" name="com.ranosys.aapkiapp.ActivateOperator" tests="1" failures="0" timestamp="22 Sep 2016 04:56:50 GMT" time="159.689" errors="0">
  <testcase name="executeActivateAapKiApp" time="159.689" classname="com.ranosys.aapkiapp.ActivateOperator"/>
</testsuite> <!-- com.ranosys.aapkiapp.ActivateOperator -->
