<?xml version="1.0" encoding="UTF-8"?>
<!-- Generated by org.testng.reporters.JUnitReportReporter -->
<testsuite hostname="THREE" name="com.ranosys.aapkiapp.AppKiAppOperator" tests="1" failures="0" timestamp="22 Sep 2016 04:56:50 GMT" time="39.137" errors="0">
  <testcase name="executeAapKiAppCreateApp" time="39.137" classname="com.ranosys.aapkiapp.AppKiAppOperator"/>
</testsuite> <!-- com.ranosys.aapkiapp.AppKiAppOperator -->
